{"A:\\cse\\se-lab\\project\\ims-backend\\src\\app.js": {"path":"A:\\cse\\se-lab\\project\\ims-backend\\src\\app.js","statementMap":{"0":{"start":{"line":6,"column":13},"end":{"line":6,"column":37}},"1":{"start":{"line":8,"column":18},"end":{"line":11,"column":1}},"2":{"start":{"line":13,"column":12},"end":{"line":13,"column":21}},"3":{"start":{"line":15,"column":0},"end":{"line":24,"column":3}},"4":{"start":{"line":18,"column":2},"end":{"line":22,"column":3}},"5":{"start":{"line":19,"column":3},"end":{"line":19,"column":23}},"6":{"start":{"line":21,"column":3},"end":{"line":21,"column":45}},"7":{"start":{"line":26,"column":0},"end":{"line":26,"column":15}},"8":{"start":{"line":27,"column":0},"end":{"line":29,"column":3}},"9":{"start":{"line":31,"column":0},"end":{"line":31,"column":18}},"10":{"start":{"line":33,"column":0},"end":{"line":35,"column":2}},"11":{"start":{"line":34,"column":1},"end":{"line":34,"column":61}},"12":{"start":{"line":37,"column":0},"end":{"line":41,"column":1}},"13":{"start":{"line":38,"column":1},"end":{"line":40,"column":3}},"14":{"start":{"line":39,"column":2},"end":{"line":39,"column":49}}},"fnMap":{"0":{"name":"(anonymous_0)","decl":{"start":{"line":16,"column":9},"end":{"line":16,"column":10}},"loc":{"start":{"line":16,"column":36},"end":{"line":23,"column":2}},"line":16},"1":{"name":"(anonymous_1)","decl":{"start":{"line":33,"column":8},"end":{"line":33,"column":9}},"loc":{"start":{"line":33,"column":33},"end":{"line":35,"column":1}},"line":33},"2":{"name":"(anonymous_2)","decl":{"start":{"line":38,"column":18},"end":{"line":38,"column":19}},"loc":{"start":{"line":38,"column":24},"end":{"line":40,"column":2}},"line":38}},"branchMap":{"0":{"loc":{"start":{"line":6,"column":13},"end":{"line":6,"column":37}},"type":"binary-expr","locations":[{"start":{"line":6,"column":13},"end":{"line":6,"column":29}},{"start":{"line":6,"column":33},"end":{"line":6,"column":37}}],"line":6},"1":{"loc":{"start":{"line":18,"column":2},"end":{"line":22,"column":3}},"type":"if","locations":[{"start":{"line":18,"column":2},"end":{"line":22,"column":3}},{"start":{"line":20,"column":9},"end":{"line":22,"column":3}}],"line":18},"2":{"loc":{"start":{"line":18,"column":6},"end":{"line":18,"column":62}},"type":"binary-expr","locations":[{"start":{"line":18,"column":6},"end":{"line":18,"column":38}},{"start":{"line":18,"column":42},"end":{"line":18,"column":62}}],"line":18},"3":{"loc":{"start":{"line":34,"column":22},"end":{"line":34,"column":60}},"type":"binary-expr","locations":[{"start":{"line":34,"column":22},"end":{"line":34,"column":33}},{"start":{"line":34,"column":37},"end":{"line":34,"column":60}}],"line":34},"4":{"loc":{"start":{"line":37,"column":0},"end":{"line":41,"column":1}},"type":"if","locations":[{"start":{"line":37,"column":0},"end":{"line":41,"column":1}},{"start":{},"end":{}}],"line":37}},"s":{"0":1,"1":1,"2":1,"3":1,"4":1,"5":1,"6":0,"7":1,"8":1,"9":1,"10":1,"11":0,"12":1,"13":0,"14":0},"f":{"0":1,"1":0,"2":0},"b":{"0":[1,0],"1":[1,0],"2":[1,1],"3":[0,0],"4":[0,1]},"_coverageSchema":"1a1c01bbd47fc00a2c39e90264f33305004495a9","hash":"629081abe2775d764b8ac40b89d4e5c30840857c"}
,"A:\\cse\\se-lab\\project\\ims-backend\\src\\controller\\admin.js": {"path":"A:\\cse\\se-lab\\project\\ims-backend\\src\\controller\\admin.js","statementMap":{"0":{"start":{"line":5,"column":40},"end":{"line":17,"column":1}},"1":{"start":{"line":6,"column":1},"end":{"line":16,"column":2}},"2":{"start":{"line":7,"column":15},"end":{"line":7,"column":23}},"3":{"start":{"line":8,"column":2},"end":{"line":8,"column":19}},"4":{"start":{"line":9,"column":2},"end":{"line":11,"column":3}},"5":{"start":{"line":10,"column":3},"end":{"line":10,"column":53}},"6":{"start":{"line":12,"column":2},"end":{"line":12,"column":28}},"7":{"start":{"line":15,"column":2},"end":{"line":15,"column":11}},"8":{"start":{"line":19,"column":37},"end":{"line":28,"column":1}},"9":{"start":{"line":20,"column":1},"end":{"line":27,"column":2}},"10":{"start":{"line":21,"column":30},"end":{"line":21,"column":38}},"11":{"start":{"line":22,"column":14},"end":{"line":22,"column":47}},"12":{"start":{"line":23,"column":2},"end":{"line":23,"column":15}},"13":{"start":{"line":26,"column":2},"end":{"line":26,"column":11}}},"fnMap":{"0":{"name":"(anonymous_0)","decl":{"start":{"line":5,"column":40},"end":{"line":5,"column":41}},"loc":{"start":{"line":5,"column":66},"end":{"line":17,"column":1}},"line":5},"1":{"name":"(anonymous_1)","decl":{"start":{"line":19,"column":37},"end":{"line":19,"column":38}},"loc":{"start":{"line":19,"column":63},"end":{"line":28,"column":1}},"line":19}},"branchMap":{"0":{"loc":{"start":{"line":9,"column":2},"end":{"line":11,"column":3}},"type":"if","locations":[{"start":{"line":9,"column":2},"end":{"line":11,"column":3}},{"start":{},"end":{}}],"line":9}},"s":{"0":1,"1":0,"2":0,"3":0,"4":0,"5":0,"6":0,"7":0,"8":1,"9":1,"10":1,"11":1,"12":1,"13":0},"f":{"0":0,"1":1},"b":{"0":[0,0]},"_coverageSchema":"1a1c01bbd47fc00a2c39e90264f33305004495a9","hash":"944650b3d7486620e15a4242a9879cd03f4a12d3"}
,"A:\\cse\\se-lab\\project\\ims-backend\\src\\controller\\auth.js": {"path":"A:\\cse\\se-lab\\project\\ims-backend\\src\\controller\\auth.js","statementMap":{"0":{"start":{"line":3,"column":37},"end":{"line":13,"column":1}},"1":{"start":{"line":4,"column":1},"end":{"line":12,"column":2}},"2":{"start":{"line":5,"column":16},"end":{"line":5,"column":41}},"3":{"start":{"line":6,"column":2},"end":{"line":6,"column":41}},"4":{"start":{"line":6,"column":13},"end":{"line":6,"column":41}},"5":{"start":{"line":7,"column":18},"end":{"line":7,"column":42}},"6":{"start":{"line":8,"column":2},"end":{"line":8,"column":19}},"7":{"start":{"line":11,"column":2},"end":{"line":11,"column":11}}},"fnMap":{"0":{"name":"(anonymous_0)","decl":{"start":{"line":3,"column":37},"end":{"line":3,"column":38}},"loc":{"start":{"line":3,"column":63},"end":{"line":13,"column":1}},"line":3}},"branchMap":{"0":{"loc":{"start":{"line":6,"column":2},"end":{"line":6,"column":41}},"type":"if","locations":[{"start":{"line":6,"column":2},"end":{"line":6,"column":41}},{"start":{},"end":{}}],"line":6}},"s":{"0":1,"1":0,"2":0,"3":0,"4":0,"5":0,"6":0,"7":0},"f":{"0":0},"b":{"0":[0,0]},"_coverageSchema":"1a1c01bbd47fc00a2c39e90264f33305004495a9","hash":"e89bff995883a19def05ea0158d75492d0719f2b"}
,"A:\\cse\\se-lab\\project\\ims-backend\\src\\controller\\customer.js": {"path":"A:\\cse\\se-lab\\project\\ims-backend\\src\\controller\\customer.js","statementMap":{"0":{"start":{"line":5,"column":43},"end":{"line":17,"column":1}},"1":{"start":{"line":6,"column":1},"end":{"line":16,"column":2}},"2":{"start":{"line":7,"column":15},"end":{"line":7,"column":23}},"3":{"start":{"line":8,"column":2},"end":{"line":8,"column":19}},"4":{"start":{"line":9,"column":2},"end":{"line":11,"column":3}},"5":{"start":{"line":10,"column":3},"end":{"line":10,"column":55}},"6":{"start":{"line":12,"column":2},"end":{"line":12,"column":28}},"7":{"start":{"line":15,"column":2},"end":{"line":15,"column":11}},"8":{"start":{"line":19,"column":40},"end":{"line":43,"column":1}},"9":{"start":{"line":20,"column":1},"end":{"line":42,"column":2}},"10":{"start":{"line":21,"column":30},"end":{"line":21,"column":38}},"11":{"start":{"line":22,"column":15},"end":{"line":29,"column":4}},"12":{"start":{"line":30,"column":2},"end":{"line":32,"column":3}},"13":{"start":{"line":31,"column":3},"end":{"line":31,"column":32}},"14":{"start":{"line":33,"column":14},"end":{"line":37,"column":4}},"15":{"start":{"line":38,"column":2},"end":{"line":38,"column":22}},"16":{"start":{"line":41,"column":2},"end":{"line":41,"column":11}},"17":{"start":{"line":45,"column":36},"end":{"line":55,"column":1}},"18":{"start":{"line":46,"column":1},"end":{"line":54,"column":2}},"19":{"start":{"line":47,"column":15},"end":{"line":47,"column":23}},"20":{"start":{"line":48,"column":2},"end":{"line":48,"column":45}},"21":{"start":{"line":49,"column":16},"end":{"line":49,"column":38}},"22":{"start":{"line":50,"column":2},"end":{"line":50,"column":17}},"23":{"start":{"line":53,"column":2},"end":{"line":53,"column":11}},"24":{"start":{"line":57,"column":34},"end":{"line":66,"column":1}},"25":{"start":{"line":58,"column":1},"end":{"line":65,"column":2}},"26":{"start":{"line":59,"column":21},"end":{"line":59,"column":43}},"27":{"start":{"line":60,"column":17},"end":{"line":60,"column":43}},"28":{"start":{"line":61,"column":2},"end":{"line":61,"column":18}},"29":{"start":{"line":64,"column":2},"end":{"line":64,"column":11}}},"fnMap":{"0":{"name":"(anonymous_0)","decl":{"start":{"line":5,"column":43},"end":{"line":5,"column":44}},"loc":{"start":{"line":5,"column":69},"end":{"line":17,"column":1}},"line":5},"1":{"name":"(anonymous_1)","decl":{"start":{"line":19,"column":40},"end":{"line":19,"column":41}},"loc":{"start":{"line":19,"column":66},"end":{"line":43,"column":1}},"line":19},"2":{"name":"(anonymous_2)","decl":{"start":{"line":45,"column":36},"end":{"line":45,"column":37}},"loc":{"start":{"line":45,"column":62},"end":{"line":55,"column":1}},"line":45},"3":{"name":"(anonymous_3)","decl":{"start":{"line":57,"column":34},"end":{"line":57,"column":35}},"loc":{"start":{"line":57,"column":60},"end":{"line":66,"column":1}},"line":57}},"branchMap":{"0":{"loc":{"start":{"line":9,"column":2},"end":{"line":11,"column":3}},"type":"if","locations":[{"start":{"line":9,"column":2},"end":{"line":11,"column":3}},{"start":{},"end":{}}],"line":9},"1":{"loc":{"start":{"line":30,"column":2},"end":{"line":32,"column":3}},"type":"if","locations":[{"start":{"line":30,"column":2},"end":{"line":32,"column":3}},{"start":{},"end":{}}],"line":30}},"s":{"0":1,"1":0,"2":0,"3":0,"4":0,"5":0,"6":0,"7":0,"8":1,"9":0,"10":0,"11":0,"12":0,"13":0,"14":0,"15":0,"16":0,"17":1,"18":0,"19":0,"20":0,"21":0,"22":0,"23":0,"24":1,"25":0,"26":0,"27":0,"28":0,"29":0},"f":{"0":0,"1":0,"2":0,"3":0},"b":{"0":[0,0],"1":[0,0]},"_coverageSchema":"1a1c01bbd47fc00a2c39e90264f33305004495a9","hash":"baed0de6368f5a5ad76724c312f50c6f3af86e24"}
,"A:\\cse\\se-lab\\project\\ims-backend\\src\\controller\\product.js": {"path":"A:\\cse\\se-lab\\project\\ims-backend\\src\\controller\\product.js","statementMap":{"0":{"start":{"line":3,"column":39},"end":{"line":13,"column":1}},"1":{"start":{"line":4,"column":1},"end":{"line":12,"column":2}},"2":{"start":{"line":5,"column":21},"end":{"line":5,"column":31}},"3":{"start":{"line":6,"column":15},"end":{"line":6,"column":23}},"4":{"start":{"line":7,"column":21},"end":{"line":7,"column":57}},"5":{"start":{"line":8,"column":2},"end":{"line":8,"column":29}},"6":{"start":{"line":11,"column":2},"end":{"line":11,"column":11}},"7":{"start":{"line":15,"column":39},"end":{"line":23,"column":1}},"8":{"start":{"line":16,"column":1},"end":{"line":22,"column":2}},"9":{"start":{"line":17,"column":22},"end":{"line":17,"column":43}},"10":{"start":{"line":18,"column":2},"end":{"line":18,"column":23}},"11":{"start":{"line":21,"column":2},"end":{"line":21,"column":11}}},"fnMap":{"0":{"name":"(anonymous_0)","decl":{"start":{"line":3,"column":39},"end":{"line":3,"column":40}},"loc":{"start":{"line":3,"column":65},"end":{"line":13,"column":1}},"line":3},"1":{"name":"(anonymous_1)","decl":{"start":{"line":15,"column":39},"end":{"line":15,"column":40}},"loc":{"start":{"line":15,"column":65},"end":{"line":23,"column":1}},"line":15}},"branchMap":{},"s":{"0":1,"1":0,"2":0,"3":0,"4":0,"5":0,"6":0,"7":1,"8":0,"9":0,"10":0,"11":0},"f":{"0":0,"1":0},"b":{},"_coverageSchema":"1a1c01bbd47fc00a2c39e90264f33305004495a9","hash":"37a1a96297bc85d230e07fc69aae0f9c40f0171d"}
,"A:\\cse\\se-lab\\project\\ims-backend\\src\\controller\\seller.js": {"path":"A:\\cse\\se-lab\\project\\ims-backend\\src\\controller\\seller.js","statementMap":{"0":{"start":{"line":5,"column":41},"end":{"line":17,"column":1}},"1":{"start":{"line":6,"column":1},"end":{"line":16,"column":2}},"2":{"start":{"line":7,"column":15},"end":{"line":7,"column":23}},"3":{"start":{"line":8,"column":2},"end":{"line":8,"column":19}},"4":{"start":{"line":9,"column":2},"end":{"line":11,"column":3}},"5":{"start":{"line":10,"column":3},"end":{"line":10,"column":54}},"6":{"start":{"line":12,"column":2},"end":{"line":12,"column":28}},"7":{"start":{"line":15,"column":2},"end":{"line":15,"column":11}},"8":{"start":{"line":19,"column":38},"end":{"line":43,"column":1}},"9":{"start":{"line":20,"column":1},"end":{"line":42,"column":2}},"10":{"start":{"line":21,"column":30},"end":{"line":21,"column":38}},"11":{"start":{"line":22,"column":15},"end":{"line":29,"column":4}},"12":{"start":{"line":30,"column":2},"end":{"line":32,"column":3}},"13":{"start":{"line":31,"column":3},"end":{"line":31,"column":32}},"14":{"start":{"line":33,"column":14},"end":{"line":37,"column":4}},"15":{"start":{"line":38,"column":2},"end":{"line":38,"column":22}},"16":{"start":{"line":41,"column":2},"end":{"line":41,"column":11}}},"fnMap":{"0":{"name":"(anonymous_0)","decl":{"start":{"line":5,"column":41},"end":{"line":5,"column":42}},"loc":{"start":{"line":5,"column":67},"end":{"line":17,"column":1}},"line":5},"1":{"name":"(anonymous_1)","decl":{"start":{"line":19,"column":38},"end":{"line":19,"column":39}},"loc":{"start":{"line":19,"column":64},"end":{"line":43,"column":1}},"line":19}},"branchMap":{"0":{"loc":{"start":{"line":9,"column":2},"end":{"line":11,"column":3}},"type":"if","locations":[{"start":{"line":9,"column":2},"end":{"line":11,"column":3}},{"start":{},"end":{}}],"line":9},"1":{"loc":{"start":{"line":30,"column":2},"end":{"line":32,"column":3}},"type":"if","locations":[{"start":{"line":30,"column":2},"end":{"line":32,"column":3}},{"start":{},"end":{}}],"line":30}},"s":{"0":1,"1":0,"2":0,"3":0,"4":0,"5":0,"6":0,"7":0,"8":1,"9":0,"10":0,"11":0,"12":0,"13":0,"14":0,"15":0,"16":0},"f":{"0":0,"1":0},"b":{"0":[0,0],"1":[0,0]},"_coverageSchema":"1a1c01bbd47fc00a2c39e90264f33305004495a9","hash":"e1377bd3a033ab2a0b436a15871039399b623bbf"}
,"A:\\cse\\se-lab\\project\\ims-backend\\src\\lib\\jose\\jwt.js": {"path":"A:\\cse\\se-lab\\project\\ims-backend\\src\\lib\\jose\\jwt.js","statementMap":{"0":{"start":{"line":3,"column":15},"end":{"line":5,"column":1}},"1":{"start":{"line":6,"column":12},"end":{"line":6,"column":19}},"2":{"start":{"line":9,"column":29},"end":{"line":17,"column":1}},"3":{"start":{"line":10,"column":13},"end":{"line":14,"column":14}},"4":{"start":{"line":16,"column":1},"end":{"line":16,"column":11}},"5":{"start":{"line":19,"column":27},"end":{"line":27,"column":1}},"6":{"start":{"line":20,"column":1},"end":{"line":26,"column":2}},"7":{"start":{"line":21,"column":39},"end":{"line":21,"column":74}},"8":{"start":{"line":22,"column":2},"end":{"line":22,"column":16}},"9":{"start":{"line":25,"column":2},"end":{"line":25,"column":30}}},"fnMap":{"0":{"name":"(anonymous_0)","decl":{"start":{"line":9,"column":29},"end":{"line":9,"column":30}},"loc":{"start":{"line":9,"column":48},"end":{"line":17,"column":1}},"line":9},"1":{"name":"(anonymous_1)","decl":{"start":{"line":19,"column":27},"end":{"line":19,"column":28}},"loc":{"start":{"line":19,"column":44},"end":{"line":27,"column":1}},"line":19}},"branchMap":{},"s":{"0":1,"1":1,"2":1,"3":1,"4":1,"5":1,"6":0,"7":0,"8":0,"9":0},"f":{"0":1,"1":0},"b":{},"_coverageSchema":"1a1c01bbd47fc00a2c39e90264f33305004495a9","hash":"f01dd5085ecd2b2ccfeef4b3b8a8a419a9d9a8c1"}
,"A:\\cse\\se-lab\\project\\ims-backend\\src\\lib\\prisma\\init.js": {"path":"A:\\cse\\se-lab\\project\\ims-backend\\src\\lib\\prisma\\init.js","statementMap":{"0":{"start":{"line":3,"column":15},"end":{"line":3,"column":33}}},"fnMap":{},"branchMap":{},"s":{"0":1},"f":{},"b":{},"_coverageSchema":"1a1c01bbd47fc00a2c39e90264f33305004495a9","hash":"d822af110be156901955e2db29691b9337ad5df1"}
,"A:\\cse\\se-lab\\project\\ims-backend\\src\\lib\\utils\\auth-helper.js": {"path":"A:\\cse\\se-lab\\project\\ims-backend\\src\\lib\\utils\\auth-helper.js","statementMap":{"0":{"start":{"line":3,"column":28},"end":{"line":19,"column":1}},"1":{"start":{"line":4,"column":1},"end":{"line":18,"column":2}},"2":{"start":{"line":5,"column":16},"end":{"line":5,"column":41}},"3":{"start":{"line":6,"column":2},"end":{"line":8,"column":3}},"4":{"start":{"line":7,"column":3},"end":{"line":7,"column":47}},"5":{"start":{"line":9,"column":18},"end":{"line":9,"column":42}},"6":{"start":{"line":10,"column":2},"end":{"line":12,"column":3}},"7":{"start":{"line":11,"column":3},"end":{"line":11,"column":81}},"8":{"start":{"line":13,"column":2},"end":{"line":13,"column":22}},"9":{"start":{"line":14,"column":2},"end":{"line":14,"column":8}},"10":{"start":{"line":17,"column":2},"end":{"line":17,"column":28}},"11":{"start":{"line":21,"column":30},"end":{"line":37,"column":1}},"12":{"start":{"line":22,"column":1},"end":{"line":36,"column":2}},"13":{"start":{"line":23,"column":16},"end":{"line":23,"column":41}},"14":{"start":{"line":24,"column":2},"end":{"line":26,"column":3}},"15":{"start":{"line":25,"column":3},"end":{"line":25,"column":47}},"16":{"start":{"line":27,"column":18},"end":{"line":27,"column":42}},"17":{"start":{"line":28,"column":2},"end":{"line":30,"column":3}},"18":{"start":{"line":29,"column":3},"end":{"line":29,"column":83}},"19":{"start":{"line":31,"column":2},"end":{"line":31,"column":22}},"20":{"start":{"line":32,"column":2},"end":{"line":32,"column":8}},"21":{"start":{"line":35,"column":2},"end":{"line":35,"column":28}}},"fnMap":{"0":{"name":"(anonymous_0)","decl":{"start":{"line":3,"column":28},"end":{"line":3,"column":29}},"loc":{"start":{"line":3,"column":54},"end":{"line":19,"column":1}},"line":3},"1":{"name":"(anonymous_1)","decl":{"start":{"line":21,"column":30},"end":{"line":21,"column":31}},"loc":{"start":{"line":21,"column":56},"end":{"line":37,"column":1}},"line":21}},"branchMap":{"0":{"loc":{"start":{"line":6,"column":2},"end":{"line":8,"column":3}},"type":"if","locations":[{"start":{"line":6,"column":2},"end":{"line":8,"column":3}},{"start":{},"end":{}}],"line":6},"1":{"loc":{"start":{"line":10,"column":2},"end":{"line":12,"column":3}},"type":"if","locations":[{"start":{"line":10,"column":2},"end":{"line":12,"column":3}},{"start":{},"end":{}}],"line":10},"2":{"loc":{"start":{"line":24,"column":2},"end":{"line":26,"column":3}},"type":"if","locations":[{"start":{"line":24,"column":2},"end":{"line":26,"column":3}},{"start":{},"end":{}}],"line":24},"3":{"loc":{"start":{"line":28,"column":2},"end":{"line":30,"column":3}},"type":"if","locations":[{"start":{"line":28,"column":2},"end":{"line":30,"column":3}},{"start":{},"end":{}}],"line":28}},"s":{"0":1,"1":0,"2":0,"3":0,"4":0,"5":0,"6":0,"7":0,"8":0,"9":0,"10":0,"11":1,"12":0,"13":0,"14":0,"15":0,"16":0,"17":0,"18":0,"19":0,"20":0,"21":0},"f":{"0":0,"1":0},"b":{"0":[0,0],"1":[0,0],"2":[0,0],"3":[0,0]},"_coverageSchema":"1a1c01bbd47fc00a2c39e90264f33305004495a9","hash":"74273943edc864e1e0fef4999eb5967de2a3500c"}
,"A:\\cse\\se-lab\\project\\ims-backend\\src\\repository\\admin.js": {"path":"A:\\cse\\se-lab\\project\\ims-backend\\src\\repository\\admin.js","statementMap":{"0":{"start":{"line":4,"column":30},"end":{"line":24,"column":1}},"1":{"start":{"line":5,"column":1},"end":{"line":23,"column":2}},"2":{"start":{"line":6,"column":15},"end":{"line":11,"column":4}},"3":{"start":{"line":12,"column":16},"end":{"line":17,"column":4}},"4":{"start":{"line":18,"column":2},"end":{"line":18,"column":13}},"5":{"start":{"line":22,"column":2},"end":{"line":22,"column":14}},"6":{"start":{"line":26,"column":26},"end":{"line":48,"column":1}},"7":{"start":{"line":27,"column":1},"end":{"line":47,"column":2}},"8":{"start":{"line":28,"column":15},"end":{"line":35,"column":4}},"9":{"start":{"line":36,"column":2},"end":{"line":38,"column":3}},"10":{"start":{"line":37,"column":3},"end":{"line":37,"column":32}},"11":{"start":{"line":39,"column":14},"end":{"line":43,"column":4}},"12":{"start":{"line":44,"column":2},"end":{"line":44,"column":12}},"13":{"start":{"line":46,"column":2},"end":{"line":46,"column":11}}},"fnMap":{"0":{"name":"(anonymous_0)","decl":{"start":{"line":4,"column":30},"end":{"line":4,"column":31}},"loc":{"start":{"line":4,"column":46},"end":{"line":24,"column":1}},"line":4},"1":{"name":"(anonymous_1)","decl":{"start":{"line":26,"column":26},"end":{"line":26,"column":27}},"loc":{"start":{"line":26,"column":53},"end":{"line":48,"column":1}},"line":26}},"branchMap":{"0":{"loc":{"start":{"line":36,"column":2},"end":{"line":38,"column":3}},"type":"if","locations":[{"start":{"line":36,"column":2},"end":{"line":38,"column":3}},{"start":{},"end":{}}],"line":36}},"s":{"0":1,"1":0,"2":0,"3":0,"4":0,"5":0,"6":1,"7":1,"8":1,"9":1,"10":0,"11":1,"12":1,"13":0},"f":{"0":0,"1":1},"b":{"0":[0,1]},"_coverageSchema":"1a1c01bbd47fc00a2c39e90264f33305004495a9","hash":"82c779f9b23b62fbf1d2af6b21055a58d53c8195"}
,"A:\\cse\\se-lab\\project\\ims-backend\\src\\repository\\customer.js": {"path":"A:\\cse\\se-lab\\project\\ims-backend\\src\\repository\\customer.js","statementMap":{"0":{"start":{"line":3,"column":30},"end":{"line":22,"column":1}},"1":{"start":{"line":4,"column":1},"end":{"line":21,"column":2}},"2":{"start":{"line":5,"column":2},"end":{"line":16,"column":4}},"3":{"start":{"line":17,"column":2},"end":{"line":17,"column":13}},"4":{"start":{"line":20,"column":2},"end":{"line":20,"column":37}},"5":{"start":{"line":24,"column":26},"end":{"line":53,"column":1}},"6":{"start":{"line":25,"column":1},"end":{"line":52,"column":2}},"7":{"start":{"line":26,"column":19},"end":{"line":37,"column":4}},"8":{"start":{"line":38,"column":2},"end":{"line":47,"column":4}},"9":{"start":{"line":48,"column":2},"end":{"line":48,"column":17}},"10":{"start":{"line":51,"column":2},"end":{"line":51,"column":11}},"11":{"start":{"line":55,"column":24},"end":{"line":70,"column":1}},"12":{"start":{"line":56,"column":1},"end":{"line":69,"column":2}},"13":{"start":{"line":57,"column":17},"end":{"line":64,"column":4}},"14":{"start":{"line":65,"column":2},"end":{"line":65,"column":15}},"15":{"start":{"line":68,"column":2},"end":{"line":68,"column":11}}},"fnMap":{"0":{"name":"(anonymous_0)","decl":{"start":{"line":3,"column":30},"end":{"line":3,"column":31}},"loc":{"start":{"line":3,"column":46},"end":{"line":22,"column":1}},"line":3},"1":{"name":"(anonymous_1)","decl":{"start":{"line":24,"column":26},"end":{"line":24,"column":27}},"loc":{"start":{"line":24,"column":42},"end":{"line":53,"column":1}},"line":24},"2":{"name":"(anonymous_2)","decl":{"start":{"line":55,"column":24},"end":{"line":55,"column":25}},"loc":{"start":{"line":55,"column":46},"end":{"line":70,"column":1}},"line":55}},"branchMap":{},"s":{"0":1,"1":0,"2":0,"3":0,"4":0,"5":1,"6":0,"7":0,"8":0,"9":0,"10":0,"11":1,"12":0,"13":0,"14":0,"15":0},"f":{"0":0,"1":0,"2":0},"b":{},"_coverageSchema":"1a1c01bbd47fc00a2c39e90264f33305004495a9","hash":"e2f879641b2b5feeba3a39d3d2336daacaaf5016"}
,"A:\\cse\\se-lab\\project\\ims-backend\\src\\repository\\product.js": {"path":"A:\\cse\\se-lab\\project\\ims-backend\\src\\repository\\product.js","statementMap":{"0":{"start":{"line":3,"column":29},"end":{"line":11,"column":1}},"1":{"start":{"line":4,"column":1},"end":{"line":10,"column":2}},"2":{"start":{"line":5,"column":22},"end":{"line":5,"column":53}},"3":{"start":{"line":6,"column":2},"end":{"line":6,"column":20}},"4":{"start":{"line":9,"column":2},"end":{"line":9,"column":13}},"5":{"start":{"line":13,"column":29},"end":{"line":26,"column":1}},"6":{"start":{"line":14,"column":1},"end":{"line":25,"column":2}},"7":{"start":{"line":15,"column":21},"end":{"line":20,"column":4}},"8":{"start":{"line":21,"column":2},"end":{"line":21,"column":19}},"9":{"start":{"line":24,"column":2},"end":{"line":24,"column":11}}},"fnMap":{"0":{"name":"(anonymous_0)","decl":{"start":{"line":3,"column":29},"end":{"line":3,"column":30}},"loc":{"start":{"line":3,"column":41},"end":{"line":11,"column":1}},"line":3},"1":{"name":"(anonymous_1)","decl":{"start":{"line":13,"column":29},"end":{"line":13,"column":30}},"loc":{"start":{"line":13,"column":65},"end":{"line":26,"column":1}},"line":13}},"branchMap":{},"s":{"0":1,"1":0,"2":0,"3":0,"4":0,"5":1,"6":0,"7":0,"8":0,"9":0},"f":{"0":0,"1":0},"b":{},"_coverageSchema":"1a1c01bbd47fc00a2c39e90264f33305004495a9","hash":"33737a3a0f888fb860b84887ba5fb582fd0f089b"}
,"A:\\cse\\se-lab\\project\\ims-backend\\src\\repository\\seller.js": {"path":"A:\\cse\\se-lab\\project\\ims-backend\\src\\repository\\seller.js","statementMap":{"0":{"start":{"line":3,"column":31},"end":{"line":22,"column":1}},"1":{"start":{"line":4,"column":1},"end":{"line":21,"column":2}},"2":{"start":{"line":5,"column":15},"end":{"line":15,"column":4}},"3":{"start":{"line":16,"column":2},"end":{"line":16,"column":13}},"4":{"start":{"line":20,"column":2},"end":{"line":20,"column":14}}},"fnMap":{"0":{"name":"(anonymous_0)","decl":{"start":{"line":3,"column":31},"end":{"line":3,"column":32}},"loc":{"start":{"line":3,"column":47},"end":{"line":22,"column":1}},"line":3}},"branchMap":{},"s":{"0":1,"1":0,"2":0,"3":0,"4":0},"f":{"0":0},"b":{},"_coverageSchema":"1a1c01bbd47fc00a2c39e90264f33305004495a9","hash":"e1c8a33c9a38378c333d966604e650b31f201f98"}
,"A:\\cse\\se-lab\\project\\ims-backend\\src\\router\\admin.js": {"path":"A:\\cse\\se-lab\\project\\ims-backend\\src\\router\\admin.js","statementMap":{"0":{"start":{"line":4,"column":20},"end":{"line":4,"column":28}},"1":{"start":{"line":6,"column":0},"end":{"line":6,"column":53}},"2":{"start":{"line":7,"column":0},"end":{"line":7,"column":48}}},"fnMap":{},"branchMap":{},"s":{"0":1,"1":1,"2":1},"f":{},"b":{},"_coverageSchema":"1a1c01bbd47fc00a2c39e90264f33305004495a9","hash":"ddb2c8db0b0fa0b921994f76471ec3aced810981"}
,"A:\\cse\\se-lab\\project\\ims-backend\\src\\router\\auth.js": {"path":"A:\\cse\\se-lab\\project\\ims-backend\\src\\router\\auth.js","statementMap":{"0":{"start":{"line":4,"column":19},"end":{"line":4,"column":27}},"1":{"start":{"line":6,"column":0},"end":{"line":6,"column":48}}},"fnMap":{},"branchMap":{},"s":{"0":1,"1":1},"f":{},"b":{},"_coverageSchema":"1a1c01bbd47fc00a2c39e90264f33305004495a9","hash":"81a2c1fd1839a13755ee181557255b8206e8ba36"}
,"A:\\cse\\se-lab\\project\\ims-backend\\src\\router\\customer.js": {"path":"A:\\cse\\se-lab\\project\\ims-backend\\src\\router\\customer.js","statementMap":{"0":{"start":{"line":5,"column":23},"end":{"line":5,"column":31}},"1":{"start":{"line":7,"column":0},"end":{"line":7,"column":59}},"2":{"start":{"line":8,"column":0},"end":{"line":8,"column":54}},"3":{"start":{"line":9,"column":0},"end":{"line":9,"column":67}},"4":{"start":{"line":10,"column":0},"end":{"line":10,"column":64}}},"fnMap":{},"branchMap":{},"s":{"0":1,"1":1,"2":1,"3":1,"4":1},"f":{},"b":{},"_coverageSchema":"1a1c01bbd47fc00a2c39e90264f33305004495a9","hash":"ad735bb5a0122d463232322d2f5b94c8c427544b"}
,"A:\\cse\\se-lab\\project\\ims-backend\\src\\router\\index.js": {"path":"A:\\cse\\se-lab\\project\\ims-backend\\src\\router\\index.js","statementMap":{"0":{"start":{"line":8,"column":18},"end":{"line":8,"column":26}},"1":{"start":{"line":10,"column":0},"end":{"line":12,"column":2}},"2":{"start":{"line":11,"column":1},"end":{"line":11,"column":15}},"3":{"start":{"line":14,"column":0},"end":{"line":14,"column":34}},"4":{"start":{"line":15,"column":0},"end":{"line":15,"column":36}},"5":{"start":{"line":16,"column":0},"end":{"line":16,"column":40}},"6":{"start":{"line":17,"column":0},"end":{"line":17,"column":38}},"7":{"start":{"line":18,"column":0},"end":{"line":18,"column":42}}},"fnMap":{"0":{"name":"(anonymous_0)","decl":{"start":{"line":10,"column":25},"end":{"line":10,"column":26}},"loc":{"start":{"line":10,"column":45},"end":{"line":12,"column":1}},"line":10}},"branchMap":{},"s":{"0":1,"1":1,"2":0,"3":1,"4":1,"5":1,"6":1,"7":1},"f":{"0":0},"b":{},"_coverageSchema":"1a1c01bbd47fc00a2c39e90264f33305004495a9","hash":"b649cc141c07268cce375edadc73f1cde5078628"}
,"A:\\cse\\se-lab\\project\\ims-backend\\src\\router\\product.js": {"path":"A:\\cse\\se-lab\\project\\ims-backend\\src\\router\\product.js","statementMap":{"0":{"start":{"line":5,"column":22},"end":{"line":5,"column":30}},"1":{"start":{"line":7,"column":0},"end":{"line":7,"column":47}}},"fnMap":{},"branchMap":{},"s":{"0":1,"1":1},"f":{},"b":{},"_coverageSchema":"1a1c01bbd47fc00a2c39e90264f33305004495a9","hash":"64d106897307e127662433661031db4a30394444"}
,"A:\\cse\\se-lab\\project\\ims-backend\\src\\router\\seller.js": {"path":"A:\\cse\\se-lab\\project\\ims-backend\\src\\router\\seller.js","statementMap":{"0":{"start":{"line":6,"column":21},"end":{"line":6,"column":29}},"1":{"start":{"line":8,"column":0},"end":{"line":8,"column":55}},"2":{"start":{"line":9,"column":0},"end":{"line":9,"column":50}},"3":{"start":{"line":10,"column":0},"end":{"line":10,"column":68}}},"fnMap":{},"branchMap":{},"s":{"0":1,"1":1,"2":1,"3":1},"f":{},"b":{},"_coverageSchema":"1a1c01bbd47fc00a2c39e90264f33305004495a9","hash":"3bf8859229f108b5fb36bbdba93e888dbdb25cf6"}
}
